f:\git repository\glowing-journey\smartpointers\smartpointers\debug\smartpointers.pch
f:\git repository\glowing-journey\smartpointers\smartpointers\debug\vc141.pdb
f:\git repository\glowing-journey\smartpointers\smartpointers\debug\vc141.idb
f:\git repository\glowing-journey\smartpointers\smartpointers\debug\pch.obj
f:\git repository\glowing-journey\smartpointers\smartpointers\debug\smartpointers.obj
f:\git repository\glowing-journey\smartpointers\debug\smartpointers.exe
f:\git repository\glowing-journey\smartpointers\debug\smartpointers.ilk
f:\git repository\glowing-journey\smartpointers\debug\smartpointers.pdb
f:\git repository\manjunathnarayanan\glowing-journey\c++\smartpointers\smartpointers\debug\pch.obj
f:\git repository\manjunathnarayanan\glowing-journey\c++\smartpointers\smartpointers\debug\smartpointers.obj
f:\git repository\manjunathnarayanan\glowing-journey\c++\smartpointers\smartpointers\debug\vc141.idb
f:\git repository\manjunathnarayanan\glowing-journey\c++\smartpointers\smartpointers\debug\vc141.pdb
f:\git repository\manjunathnarayanan\glowing-journey\c++\smartpointers\debug\smartpointers.pdb
f:\git repository\manjunathnarayanan\glowing-journey\c++\smartpointers\debug\smartpointers.exe
f:\git repository\manjunathnarayanan\glowing-journey\c++\smartpointers\debug\smartpointers.ilk
f:\git repository\manjunathnarayanan\glowing-journey\c++\smartpointers\smartpointers\debug\smartpointers.tlog\cl.command.1.tlog
f:\git repository\manjunathnarayanan\glowing-journey\c++\smartpointers\smartpointers\debug\smartpointers.tlog\cl.read.1.tlog
f:\git repository\manjunathnarayanan\glowing-journey\c++\smartpointers\smartpointers\debug\smartpointers.tlog\cl.write.1.tlog
f:\git repository\manjunathnarayanan\glowing-journey\c++\smartpointers\smartpointers\debug\smartpointers.tlog\link.command.1.tlog
f:\git repository\manjunathnarayanan\glowing-journey\c++\smartpointers\smartpointers\debug\smartpointers.tlog\link.read.1.tlog
f:\git repository\manjunathnarayanan\glowing-journey\c++\smartpointers\smartpointers\debug\smartpointers.tlog\link.write.1.tlog
